{"C:\\Users\\Jordan\\Documents\\storyboard\\config\\mongoCollections.js": {"path":"C:\\Users\\Jordan\\Documents\\storyboard\\config\\mongoCollections.js","all":false,"statementMap":{"0":{"start":{"line":1,"column":0},"end":{"line":1,"column":50}},"1":{"start":{"line":2,"column":0},"end":{"line":2,"column":0}},"2":{"start":{"line":3,"column":0},"end":{"line":3,"column":74}},"3":{"start":{"line":4,"column":0},"end":{"line":4,"column":43}},"4":{"start":{"line":5,"column":0},"end":{"line":5,"column":41}},"5":{"start":{"line":6,"column":0},"end":{"line":6,"column":23}},"6":{"start":{"line":7,"column":0},"end":{"line":7,"column":0}},"7":{"start":{"line":8,"column":0},"end":{"line":8,"column":22}},"8":{"start":{"line":9,"column":0},"end":{"line":9,"column":16}},"9":{"start":{"line":10,"column":0},"end":{"line":10,"column":51}},"10":{"start":{"line":11,"column":0},"end":{"line":11,"column":45}},"11":{"start":{"line":12,"column":0},"end":{"line":12,"column":5}},"12":{"start":{"line":13,"column":0},"end":{"line":13,"column":0}},"13":{"start":{"line":14,"column":0},"end":{"line":14,"column":16}},"14":{"start":{"line":15,"column":0},"end":{"line":15,"column":4}},"15":{"start":{"line":16,"column":0},"end":{"line":16,"column":2}},"16":{"start":{"line":17,"column":0},"end":{"line":17,"column":0}},"17":{"start":{"line":18,"column":0},"end":{"line":18,"column":46}},"18":{"start":{"line":19,"column":0},"end":{"line":19,"column":18}},"19":{"start":{"line":20,"column":0},"end":{"line":20,"column":60}},"20":{"start":{"line":21,"column":0},"end":{"line":21,"column":39}},"21":{"start":{"line":22,"column":0},"end":{"line":22,"column":40}},"22":{"start":{"line":23,"column":0},"end":{"line":23,"column":39}},"23":{"start":{"line":24,"column":0},"end":{"line":24,"column":32}},"24":{"start":{"line":25,"column":0},"end":{"line":25,"column":2}}},"s":{"0":1,"1":1,"2":1,"3":1,"4":1,"5":8,"6":8,"7":8,"8":25,"9":1,"10":1,"11":1,"12":25,"13":25,"14":8,"15":8,"16":1,"17":1,"18":1,"19":1,"20":1,"21":1,"22":1,"23":1,"24":1},"branchMap":{"0":{"type":"branch","line":5,"loc":{"start":{"line":5,"column":25},"end":{"line":16,"column":2}},"locations":[{"start":{"line":5,"column":25},"end":{"line":16,"column":2}}]},"1":{"type":"branch","line":8,"loc":{"start":{"line":8,"column":9},"end":{"line":15,"column":3}},"locations":[{"start":{"line":8,"column":9},"end":{"line":15,"column":3}}]},"2":{"type":"branch","line":9,"loc":{"start":{"line":9,"column":15},"end":{"line":12,"column":5}},"locations":[{"start":{"line":9,"column":15},"end":{"line":12,"column":5}}]}},"b":{"0":[8],"1":[25],"2":[1]},"fnMap":{"0":{"name":"getCollectionFn","decl":{"start":{"line":5,"column":25},"end":{"line":16,"column":2}},"loc":{"start":{"line":5,"column":25},"end":{"line":16,"column":2}},"line":5}},"f":{"0":8}}
,"C:\\Users\\Jordan\\Documents\\storyboard\\config\\mongoConnection.js": {"path":"C:\\Users\\Jordan\\Documents\\storyboard\\config\\mongoConnection.js","all":false,"statementMap":{"0":{"start":{"line":1,"column":0},"end":{"line":1,"column":51}},"1":{"start":{"line":2,"column":0},"end":{"line":2,"column":39}},"2":{"start":{"line":3,"column":0},"end":{"line":3,"column":41}},"3":{"start":{"line":4,"column":0},"end":{"line":4,"column":0}},"4":{"start":{"line":5,"column":0},"end":{"line":5,"column":28}},"5":{"start":{"line":6,"column":0},"end":{"line":6,"column":20}},"6":{"start":{"line":7,"column":0},"end":{"line":7,"column":0}},"7":{"start":{"line":8,"column":0},"end":{"line":8,"column":18}},"8":{"start":{"line":9,"column":0},"end":{"line":9,"column":29}},"9":{"start":{"line":10,"column":0},"end":{"line":10,"column":23}},"10":{"start":{"line":11,"column":0},"end":{"line":11,"column":69}},"11":{"start":{"line":12,"column":0},"end":{"line":12,"column":55}},"12":{"start":{"line":13,"column":0},"end":{"line":13,"column":5}},"13":{"start":{"line":14,"column":0},"end":{"line":14,"column":0}},"14":{"start":{"line":15,"column":0},"end":{"line":15,"column":15}},"15":{"start":{"line":16,"column":0},"end":{"line":16,"column":4}},"16":{"start":{"line":17,"column":0},"end":{"line":17,"column":26}},"17":{"start":{"line":18,"column":0},"end":{"line":18,"column":24}},"18":{"start":{"line":19,"column":0},"end":{"line":19,"column":3}},"19":{"start":{"line":20,"column":0},"end":{"line":20,"column":2}}},"s":{"0":1,"1":1,"2":1,"3":1,"4":1,"5":1,"6":1,"7":1,"8":1,"9":0,"10":0,"11":0,"12":0,"13":0,"14":0,"15":1,"16":1,"17":0,"18":0,"19":1},"branchMap":{},"b":{},"fnMap":{"0":{"name":"dbConnection","decl":{"start":{"line":9,"column":16},"end":{"line":16,"column":3}},"loc":{"start":{"line":9,"column":16},"end":{"line":16,"column":3}},"line":9},"1":{"name":"closeConnection","decl":{"start":{"line":17,"column":19},"end":{"line":19,"column":3}},"loc":{"start":{"line":17,"column":19},"end":{"line":19,"column":3}},"line":17}},"f":{"0":0,"1":0}}
,"C:\\Users\\Jordan\\Documents\\storyboard\\data\\families.js": {"path":"C:\\Users\\Jordan\\Documents\\storyboard\\data\\families.js","all":false,"statementMap":{"0":{"start":{"line":1,"column":0},"end":{"line":1,"column":63}},"1":{"start":{"line":2,"column":0},"end":{"line":2,"column":43}},"2":{"start":{"line":3,"column":0},"end":{"line":3,"column":38}},"3":{"start":{"line":4,"column":0},"end":{"line":4,"column":32}},"4":{"start":{"line":5,"column":0},"end":{"line":5,"column":37}},"5":{"start":{"line":6,"column":0},"end":{"line":6,"column":0}},"6":{"start":{"line":7,"column":0},"end":{"line":7,"column":34}},"7":{"start":{"line":8,"column":0},"end":{"line":8,"column":39}},"8":{"start":{"line":9,"column":0},"end":{"line":9,"column":61}},"9":{"start":{"line":10,"column":0},"end":{"line":10,"column":63}},"10":{"start":{"line":11,"column":0},"end":{"line":11,"column":74}},"11":{"start":{"line":12,"column":0},"end":{"line":12,"column":39}},"12":{"start":{"line":13,"column":0},"end":{"line":13,"column":39}},"13":{"start":{"line":14,"column":0},"end":{"line":14,"column":7}},"14":{"start":{"line":15,"column":0},"end":{"line":15,"column":72}},"15":{"start":{"line":16,"column":0},"end":{"line":16,"column":39}},"16":{"start":{"line":17,"column":0},"end":{"line":17,"column":39}},"17":{"start":{"line":18,"column":0},"end":{"line":18,"column":7}},"18":{"start":{"line":19,"column":0},"end":{"line":19,"column":64}},"19":{"start":{"line":20,"column":0},"end":{"line":20,"column":39}},"20":{"start":{"line":21,"column":0},"end":{"line":21,"column":39}},"21":{"start":{"line":22,"column":0},"end":{"line":22,"column":7}},"22":{"start":{"line":23,"column":0},"end":{"line":23,"column":18}},"23":{"start":{"line":24,"column":0},"end":{"line":24,"column":1}},"24":{"start":{"line":25,"column":0},"end":{"line":25,"column":0}},"25":{"start":{"line":26,"column":0},"end":{"line":26,"column":54}},"26":{"start":{"line":27,"column":0},"end":{"line":27,"column":32}},"27":{"start":{"line":28,"column":0},"end":{"line":28,"column":45}},"28":{"start":{"line":29,"column":0},"end":{"line":29,"column":28}},"29":{"start":{"line":30,"column":0},"end":{"line":30,"column":35}},"30":{"start":{"line":31,"column":0},"end":{"line":31,"column":31}},"31":{"start":{"line":32,"column":0},"end":{"line":32,"column":19}},"32":{"start":{"line":33,"column":0},"end":{"line":33,"column":22}},"33":{"start":{"line":34,"column":0},"end":{"line":34,"column":23}},"34":{"start":{"line":35,"column":0},"end":{"line":35,"column":22}},"35":{"start":{"line":36,"column":0},"end":{"line":36,"column":26}},"36":{"start":{"line":37,"column":0},"end":{"line":37,"column":24}},"37":{"start":{"line":38,"column":0},"end":{"line":38,"column":33}},"38":{"start":{"line":39,"column":0},"end":{"line":39,"column":10}},"39":{"start":{"line":40,"column":0},"end":{"line":40,"column":5}},"40":{"start":{"line":41,"column":0},"end":{"line":41,"column":1}},"41":{"start":{"line":42,"column":0},"end":{"line":42,"column":0}},"42":{"start":{"line":43,"column":0},"end":{"line":43,"column":92}},"43":{"start":{"line":44,"column":0},"end":{"line":44,"column":28}},"44":{"start":{"line":45,"column":0},"end":{"line":45,"column":11}},"45":{"start":{"line":46,"column":0},"end":{"line":46,"column":6}},"46":{"start":{"line":47,"column":0},"end":{"line":47,"column":58}},"47":{"start":{"line":48,"column":0},"end":{"line":48,"column":80}},"48":{"start":{"line":49,"column":0},"end":{"line":49,"column":5}},"49":{"start":{"line":50,"column":0},"end":{"line":50,"column":0}},"50":{"start":{"line":51,"column":0},"end":{"line":51,"column":79}},"51":{"start":{"line":52,"column":0},"end":{"line":52,"column":48}},"52":{"start":{"line":53,"column":0},"end":{"line":53,"column":63}},"53":{"start":{"line":54,"column":0},"end":{"line":54,"column":0}},"54":{"start":{"line":55,"column":0},"end":{"line":55,"column":43}},"55":{"start":{"line":56,"column":0},"end":{"line":56,"column":33}},"56":{"start":{"line":57,"column":0},"end":{"line":57,"column":43}},"57":{"start":{"line":58,"column":0},"end":{"line":58,"column":5}},"58":{"start":{"line":59,"column":0},"end":{"line":59,"column":0}},"59":{"start":{"line":60,"column":0},"end":{"line":60,"column":23}},"60":{"start":{"line":61,"column":0},"end":{"line":61,"column":25}},"61":{"start":{"line":62,"column":0},"end":{"line":62,"column":21}},"62":{"start":{"line":63,"column":0},"end":{"line":63,"column":32}},"63":{"start":{"line":64,"column":0},"end":{"line":64,"column":31}},"64":{"start":{"line":65,"column":0},"end":{"line":65,"column":26}},"65":{"start":{"line":66,"column":0},"end":{"line":66,"column":5}},"66":{"start":{"line":67,"column":0},"end":{"line":67,"column":0}},"67":{"start":{"line":68,"column":0},"end":{"line":68,"column":40}},"68":{"start":{"line":69,"column":0},"end":{"line":69,"column":61}},"69":{"start":{"line":70,"column":0},"end":{"line":70,"column":0}},"70":{"start":{"line":71,"column":0},"end":{"line":71,"column":59}},"71":{"start":{"line":72,"column":0},"end":{"line":72,"column":44}},"72":{"start":{"line":73,"column":0},"end":{"line":73,"column":4}},"73":{"start":{"line":74,"column":0},"end":{"line":74,"column":51}},"74":{"start":{"line":75,"column":0},"end":{"line":75,"column":46}},"75":{"start":{"line":76,"column":0},"end":{"line":76,"column":0}},"76":{"start":{"line":77,"column":0},"end":{"line":77,"column":52}},"77":{"start":{"line":78,"column":0},"end":{"line":78,"column":0}},"78":{"start":{"line":79,"column":0},"end":{"line":79,"column":18}},"79":{"start":{"line":80,"column":0},"end":{"line":80,"column":1}},"80":{"start":{"line":81,"column":0},"end":{"line":81,"column":0}},"81":{"start":{"line":82,"column":0},"end":{"line":82,"column":36}},"82":{"start":{"line":83,"column":0},"end":{"line":83,"column":40}},"83":{"start":{"line":84,"column":0},"end":{"line":84,"column":57}},"84":{"start":{"line":85,"column":0},"end":{"line":85,"column":63}},"85":{"start":{"line":86,"column":0},"end":{"line":86,"column":0}},"86":{"start":{"line":87,"column":0},"end":{"line":87,"column":46}},"87":{"start":{"line":88,"column":0},"end":{"line":88,"column":0}},"88":{"start":{"line":89,"column":0},"end":{"line":89,"column":22}},"89":{"start":{"line":90,"column":0},"end":{"line":90,"column":1}},"90":{"start":{"line":91,"column":0},"end":{"line":91,"column":0}},"91":{"start":{"line":92,"column":0},"end":{"line":92,"column":37}},"92":{"start":{"line":93,"column":0},"end":{"line":93,"column":41}},"93":{"start":{"line":94,"column":0},"end":{"line":94,"column":0}},"94":{"start":{"line":95,"column":0},"end":{"line":95,"column":40}},"95":{"start":{"line":96,"column":0},"end":{"line":96,"column":53}},"96":{"start":{"line":97,"column":0},"end":{"line":97,"column":64}},"97":{"start":{"line":98,"column":0},"end":{"line":98,"column":34}},"98":{"start":{"line":99,"column":0},"end":{"line":99,"column":18}},"99":{"start":{"line":100,"column":0},"end":{"line":100,"column":1}},"100":{"start":{"line":101,"column":0},"end":{"line":101,"column":0}},"101":{"start":{"line":102,"column":0},"end":{"line":102,"column":28}},"102":{"start":{"line":103,"column":0},"end":{"line":103,"column":8}},"103":{"start":{"line":104,"column":0},"end":{"line":104,"column":13}},"104":{"start":{"line":105,"column":0},"end":{"line":105,"column":12}},"105":{"start":{"line":106,"column":0},"end":{"line":106,"column":6}},"106":{"start":{"line":107,"column":0},"end":{"line":107,"column":43}},"107":{"start":{"line":108,"column":0},"end":{"line":108,"column":0}},"108":{"start":{"line":109,"column":0},"end":{"line":109,"column":58}},"109":{"start":{"line":110,"column":0},"end":{"line":110,"column":80}},"110":{"start":{"line":111,"column":0},"end":{"line":111,"column":5}},"111":{"start":{"line":112,"column":0},"end":{"line":112,"column":35}},"112":{"start":{"line":113,"column":0},"end":{"line":113,"column":83}},"113":{"start":{"line":114,"column":0},"end":{"line":114,"column":5}},"114":{"start":{"line":115,"column":0},"end":{"line":115,"column":0}},"115":{"start":{"line":116,"column":0},"end":{"line":116,"column":79}},"116":{"start":{"line":117,"column":0},"end":{"line":117,"column":48}},"117":{"start":{"line":118,"column":0},"end":{"line":118,"column":80}},"118":{"start":{"line":119,"column":0},"end":{"line":119,"column":50}},"119":{"start":{"line":120,"column":0},"end":{"line":120,"column":0}},"120":{"start":{"line":121,"column":0},"end":{"line":121,"column":65}},"121":{"start":{"line":122,"column":0},"end":{"line":122,"column":66}},"122":{"start":{"line":123,"column":0},"end":{"line":123,"column":64}},"123":{"start":{"line":124,"column":0},"end":{"line":124,"column":5}},"124":{"start":{"line":125,"column":0},"end":{"line":125,"column":0}},"125":{"start":{"line":126,"column":0},"end":{"line":126,"column":41}},"126":{"start":{"line":127,"column":0},"end":{"line":127,"column":63}},"127":{"start":{"line":128,"column":0},"end":{"line":128,"column":64}},"128":{"start":{"line":129,"column":0},"end":{"line":129,"column":0}},"129":{"start":{"line":130,"column":0},"end":{"line":130,"column":55}},"130":{"start":{"line":131,"column":0},"end":{"line":131,"column":33}},"131":{"start":{"line":132,"column":0},"end":{"line":132,"column":43}},"132":{"start":{"line":133,"column":0},"end":{"line":133,"column":5}},"133":{"start":{"line":134,"column":0},"end":{"line":134,"column":33}},"134":{"start":{"line":135,"column":0},"end":{"line":135,"column":42}},"135":{"start":{"line":136,"column":0},"end":{"line":136,"column":5}},"136":{"start":{"line":137,"column":0},"end":{"line":137,"column":0}},"137":{"start":{"line":138,"column":0},"end":{"line":138,"column":64}},"138":{"start":{"line":139,"column":0},"end":{"line":139,"column":51}},"139":{"start":{"line":140,"column":0},"end":{"line":140,"column":52}},"140":{"start":{"line":141,"column":0},"end":{"line":141,"column":0}},"141":{"start":{"line":142,"column":0},"end":{"line":142,"column":27}},"142":{"start":{"line":143,"column":0},"end":{"line":143,"column":25}},"143":{"start":{"line":144,"column":0},"end":{"line":144,"column":27}},"144":{"start":{"line":145,"column":0},"end":{"line":145,"column":56}},"145":{"start":{"line":146,"column":0},"end":{"line":146,"column":54}},"146":{"start":{"line":147,"column":0},"end":{"line":147,"column":45}},"147":{"start":{"line":148,"column":0},"end":{"line":148,"column":5}},"148":{"start":{"line":149,"column":0},"end":{"line":149,"column":0}},"149":{"start":{"line":150,"column":0},"end":{"line":150,"column":40}},"150":{"start":{"line":151,"column":0},"end":{"line":151,"column":51}},"151":{"start":{"line":152,"column":0},"end":{"line":152,"column":18}},"152":{"start":{"line":153,"column":0},"end":{"line":153,"column":29}},"153":{"start":{"line":154,"column":0},"end":{"line":154,"column":6}},"154":{"start":{"line":155,"column":0},"end":{"line":155,"column":42}},"155":{"start":{"line":156,"column":0},"end":{"line":156,"column":64}},"156":{"start":{"line":157,"column":0},"end":{"line":157,"column":5}},"157":{"start":{"line":158,"column":0},"end":{"line":158,"column":4}},"158":{"start":{"line":159,"column":0},"end":{"line":159,"column":58}},"159":{"start":{"line":160,"column":0},"end":{"line":160,"column":0}},"160":{"start":{"line":161,"column":0},"end":{"line":161,"column":69}},"161":{"start":{"line":162,"column":0},"end":{"line":162,"column":63}},"162":{"start":{"line":163,"column":0},"end":{"line":163,"column":64}},"163":{"start":{"line":164,"column":0},"end":{"line":164,"column":0}},"164":{"start":{"line":165,"column":0},"end":{"line":165,"column":21}},"165":{"start":{"line":166,"column":0},"end":{"line":166,"column":1}},"166":{"start":{"line":167,"column":0},"end":{"line":167,"column":0}},"167":{"start":{"line":168,"column":0},"end":{"line":168,"column":36}},"168":{"start":{"line":169,"column":0},"end":{"line":169,"column":41}},"169":{"start":{"line":170,"column":0},"end":{"line":170,"column":0}},"170":{"start":{"line":171,"column":0},"end":{"line":171,"column":40}},"171":{"start":{"line":172,"column":0},"end":{"line":172,"column":0}},"172":{"start":{"line":173,"column":0},"end":{"line":173,"column":77}},"173":{"start":{"line":174,"column":0},"end":{"line":174,"column":62}},"174":{"start":{"line":175,"column":0},"end":{"line":175,"column":53}},"175":{"start":{"line":176,"column":0},"end":{"line":176,"column":54}},"176":{"start":{"line":177,"column":0},"end":{"line":177,"column":0}},"177":{"start":{"line":178,"column":0},"end":{"line":178,"column":63}},"178":{"start":{"line":179,"column":0},"end":{"line":179,"column":42}},"179":{"start":{"line":180,"column":0},"end":{"line":180,"column":67}},"180":{"start":{"line":181,"column":0},"end":{"line":181,"column":5}},"181":{"start":{"line":182,"column":0},"end":{"line":182,"column":51}},"182":{"start":{"line":183,"column":0},"end":{"line":183,"column":87}},"183":{"start":{"line":184,"column":0},"end":{"line":184,"column":48}},"184":{"start":{"line":185,"column":0},"end":{"line":185,"column":1}},"185":{"start":{"line":186,"column":0},"end":{"line":186,"column":0}},"186":{"start":{"line":187,"column":0},"end":{"line":187,"column":18}},"187":{"start":{"line":188,"column":0},"end":{"line":188,"column":17}},"188":{"start":{"line":189,"column":0},"end":{"line":189,"column":19}},"189":{"start":{"line":190,"column":0},"end":{"line":190,"column":18}},"190":{"start":{"line":191,"column":0},"end":{"line":191,"column":17}},"191":{"start":{"line":192,"column":0},"end":{"line":192,"column":16}},"192":{"start":{"line":193,"column":0},"end":{"line":193,"column":1}}},"s":{"0":1,"1":1,"2":1,"3":1,"4":1,"5":1,"6":1,"7":20,"8":20,"9":20,"10":20,"11":0,"12":0,"13":20,"14":20,"15":0,"16":0,"17":20,"18":20,"19":0,"20":0,"21":20,"22":20,"23":20,"24":1,"25":1,"26":9,"27":8,"28":8,"29":8,"30":8,"31":8,"32":8,"33":8,"34":8,"35":8,"36":8,"37":8,"38":8,"39":8,"40":9,"41":1,"42":1,"43":1,"44":8,"45":8,"46":8,"47":2,"48":2,"49":6,"50":6,"51":6,"52":6,"53":6,"54":6,"55":8,"56":5,"57":4,"58":3,"59":3,"60":3,"61":3,"62":3,"63":3,"64":3,"65":3,"66":3,"67":3,"68":3,"69":3,"70":8,"71":8,"72":3,"73":3,"74":3,"75":3,"76":3,"77":3,"78":3,"79":3,"80":1,"81":1,"82":1,"83":1,"84":1,"85":1,"86":1,"87":1,"88":1,"89":1,"90":1,"91":1,"92":21,"93":21,"94":21,"95":19,"96":21,"97":18,"98":18,"99":18,"100":1,"101":1,"102":13,"103":13,"104":13,"105":13,"106":13,"107":12,"108":13,"109":2,"110":2,"111":13,"112":2,"113":2,"114":8,"115":8,"116":8,"117":8,"118":8,"119":8,"120":8,"121":13,"122":1,"123":1,"124":5,"125":5,"126":5,"127":5,"128":5,"129":5,"130":13,"131":3,"132":2,"133":2,"134":2,"135":1,"136":1,"137":1,"138":1,"139":1,"140":1,"141":1,"142":1,"143":1,"144":1,"145":1,"146":1,"147":1,"148":1,"149":1,"150":1,"151":1,"152":1,"153":1,"154":13,"155":0,"156":0,"157":1,"158":1,"159":1,"160":1,"161":1,"162":1,"163":1,"164":1,"165":1,"166":1,"167":1,"168":2,"169":2,"170":2,"171":1,"172":1,"173":1,"174":1,"175":1,"176":1,"177":1,"178":2,"179":0,"180":0,"181":1,"182":1,"183":1,"184":1,"185":1,"186":1,"187":1,"188":1,"189":1,"190":1,"191":1,"192":1},"branchMap":{"0":{"type":"branch","line":7,"loc":{"start":{"line":7,"column":22},"end":{"line":24,"column":1}},"locations":[{"start":{"line":7,"column":22},"end":{"line":24,"column":1}}]},"1":{"type":"branch","line":9,"loc":{"start":{"line":9,"column":40},"end":{"line":9,"column":59}},"locations":[{"start":{"line":9,"column":40},"end":{"line":9,"column":59}}]},"2":{"type":"branch","line":10,"loc":{"start":{"line":10,"column":42},"end":{"line":10,"column":61}},"locations":[{"start":{"line":10,"column":42},"end":{"line":10,"column":61}}]},"3":{"type":"branch","line":26,"loc":{"start":{"line":26,"column":27},"end":{"line":41,"column":1}},"locations":[{"start":{"line":26,"column":27},"end":{"line":41,"column":1}}]},"4":{"type":"branch","line":27,"loc":{"start":{"line":27,"column":31},"end":{"line":40,"column":5}},"locations":[{"start":{"line":27,"column":31},"end":{"line":40,"column":5}}]},"5":{"type":"branch","line":44,"loc":{"start":{"line":44,"column":21},"end":{"line":80,"column":1}},"locations":[{"start":{"line":44,"column":21},"end":{"line":80,"column":1}}]},"6":{"type":"branch","line":47,"loc":{"start":{"line":47,"column":31},"end":{"line":47,"column":55}},"locations":[{"start":{"line":47,"column":31},"end":{"line":47,"column":55}}]},"7":{"type":"branch","line":47,"loc":{"start":{"line":47,"column":57},"end":{"line":49,"column":5}},"locations":[{"start":{"line":47,"column":57},"end":{"line":49,"column":5}}]},"8":{"type":"branch","line":49,"loc":{"start":{"line":49,"column":4},"end":{"line":56,"column":32}},"locations":[{"start":{"line":49,"column":4},"end":{"line":56,"column":32}}]},"9":{"type":"branch","line":56,"loc":{"start":{"line":56,"column":32},"end":{"line":58,"column":5}},"locations":[{"start":{"line":56,"column":32},"end":{"line":58,"column":5}}]},"10":{"type":"branch","line":57,"loc":{"start":{"line":57,"column":42},"end":{"line":58,"column":5}},"locations":[{"start":{"line":57,"column":42},"end":{"line":58,"column":5}}]},"11":{"type":"branch","line":58,"loc":{"start":{"line":58,"column":4},"end":{"line":71,"column":58}},"locations":[{"start":{"line":58,"column":4},"end":{"line":71,"column":58}}]},"12":{"type":"branch","line":72,"loc":{"start":{"line":72,"column":8},"end":{"line":72,"column":44}},"locations":[{"start":{"line":72,"column":8},"end":{"line":72,"column":44}}]},"13":{"type":"branch","line":72,"loc":{"start":{"line":72,"column":43},"end":{"line":80,"column":1}},"locations":[{"start":{"line":72,"column":43},"end":{"line":80,"column":1}}]},"14":{"type":"branch","line":51,"loc":{"start":{"line":51,"column":26},"end":{"line":51,"column":77}},"locations":[{"start":{"line":51,"column":26},"end":{"line":51,"column":77}}]},"15":{"type":"branch","line":53,"loc":{"start":{"line":53,"column":26},"end":{"line":53,"column":61}},"locations":[{"start":{"line":53,"column":26},"end":{"line":53,"column":61}}]},"16":{"type":"branch","line":82,"loc":{"start":{"line":82,"column":23},"end":{"line":90,"column":1}},"locations":[{"start":{"line":82,"column":23},"end":{"line":90,"column":1}}]},"17":{"type":"branch","line":85,"loc":{"start":{"line":85,"column":21},"end":{"line":85,"column":63}},"locations":[{"start":{"line":85,"column":21},"end":{"line":85,"column":63}}]},"18":{"type":"branch","line":92,"loc":{"start":{"line":92,"column":22},"end":{"line":100,"column":1}},"locations":[{"start":{"line":92,"column":22},"end":{"line":100,"column":1}}]},"19":{"type":"branch","line":95,"loc":{"start":{"line":95,"column":39},"end":{"line":97,"column":25}},"locations":[{"start":{"line":95,"column":39},"end":{"line":97,"column":25}}]},"20":{"type":"branch","line":97,"loc":{"start":{"line":97,"column":25},"end":{"line":97,"column":64}},"locations":[{"start":{"line":97,"column":25},"end":{"line":97,"column":64}}]},"21":{"type":"branch","line":97,"loc":{"start":{"line":97,"column":63},"end":{"line":100,"column":1}},"locations":[{"start":{"line":97,"column":63},"end":{"line":100,"column":1}}]},"22":{"type":"branch","line":102,"loc":{"start":{"line":102,"column":21},"end":{"line":166,"column":1}},"locations":[{"start":{"line":102,"column":21},"end":{"line":166,"column":1}}]},"23":{"type":"branch","line":107,"loc":{"start":{"line":107,"column":42},"end":{"line":109,"column":35}},"locations":[{"start":{"line":107,"column":42},"end":{"line":109,"column":35}}]},"24":{"type":"branch","line":109,"loc":{"start":{"line":109,"column":31},"end":{"line":109,"column":55}},"locations":[{"start":{"line":109,"column":31},"end":{"line":109,"column":55}}]},"25":{"type":"branch","line":109,"loc":{"start":{"line":109,"column":57},"end":{"line":111,"column":5}},"locations":[{"start":{"line":109,"column":57},"end":{"line":111,"column":5}}]},"26":{"type":"branch","line":111,"loc":{"start":{"line":111,"column":4},"end":{"line":112,"column":34}},"locations":[{"start":{"line":111,"column":4},"end":{"line":112,"column":34}}]},"27":{"type":"branch","line":112,"loc":{"start":{"line":112,"column":34},"end":{"line":114,"column":5}},"locations":[{"start":{"line":112,"column":34},"end":{"line":114,"column":5}}]},"28":{"type":"branch","line":114,"loc":{"start":{"line":114,"column":4},"end":{"line":121,"column":65}},"locations":[{"start":{"line":114,"column":4},"end":{"line":121,"column":65}}]},"29":{"type":"branch","line":121,"loc":{"start":{"line":121,"column":61},"end":{"line":122,"column":63}},"locations":[{"start":{"line":121,"column":61},"end":{"line":122,"column":63}}]},"30":{"type":"branch","line":122,"loc":{"start":{"line":122,"column":65},"end":{"line":124,"column":5}},"locations":[{"start":{"line":122,"column":65},"end":{"line":124,"column":5}}]},"31":{"type":"branch","line":124,"loc":{"start":{"line":124,"column":4},"end":{"line":131,"column":32}},"locations":[{"start":{"line":124,"column":4},"end":{"line":131,"column":32}}]},"32":{"type":"branch","line":131,"loc":{"start":{"line":131,"column":32},"end":{"line":133,"column":5}},"locations":[{"start":{"line":131,"column":32},"end":{"line":133,"column":5}}]},"33":{"type":"branch","line":132,"loc":{"start":{"line":132,"column":42},"end":{"line":133,"column":5}},"locations":[{"start":{"line":132,"column":42},"end":{"line":133,"column":5}}]},"34":{"type":"branch","line":133,"loc":{"start":{"line":133,"column":4},"end":{"line":136,"column":5}},"locations":[{"start":{"line":133,"column":4},"end":{"line":136,"column":5}}]},"35":{"type":"branch","line":135,"loc":{"start":{"line":135,"column":41},"end":{"line":136,"column":5}},"locations":[{"start":{"line":135,"column":41},"end":{"line":136,"column":5}}]},"36":{"type":"branch","line":136,"loc":{"start":{"line":136,"column":4},"end":{"line":155,"column":41}},"locations":[{"start":{"line":136,"column":4},"end":{"line":155,"column":41}}]},"37":{"type":"branch","line":155,"loc":{"start":{"line":155,"column":41},"end":{"line":157,"column":5}},"locations":[{"start":{"line":155,"column":41},"end":{"line":157,"column":5}}]},"38":{"type":"branch","line":157,"loc":{"start":{"line":157,"column":4},"end":{"line":166,"column":1}},"locations":[{"start":{"line":157,"column":4},"end":{"line":166,"column":1}}]},"39":{"type":"branch","line":116,"loc":{"start":{"line":116,"column":26},"end":{"line":116,"column":77}},"locations":[{"start":{"line":116,"column":26},"end":{"line":116,"column":77}}]},"40":{"type":"branch","line":118,"loc":{"start":{"line":118,"column":28},"end":{"line":118,"column":78}},"locations":[{"start":{"line":118,"column":28},"end":{"line":118,"column":78}}]},"41":{"type":"branch","line":127,"loc":{"start":{"line":127,"column":26},"end":{"line":127,"column":61}},"locations":[{"start":{"line":127,"column":26},"end":{"line":127,"column":61}}]},"42":{"type":"branch","line":128,"loc":{"start":{"line":128,"column":28},"end":{"line":128,"column":62}},"locations":[{"start":{"line":128,"column":28},"end":{"line":128,"column":62}}]},"43":{"type":"branch","line":168,"loc":{"start":{"line":168,"column":21},"end":{"line":185,"column":1}},"locations":[{"start":{"line":168,"column":21},"end":{"line":185,"column":1}}]},"44":{"type":"branch","line":171,"loc":{"start":{"line":171,"column":39},"end":{"line":179,"column":41}},"locations":[{"start":{"line":171,"column":39},"end":{"line":179,"column":41}}]},"45":{"type":"branch","line":179,"loc":{"start":{"line":179,"column":41},"end":{"line":181,"column":5}},"locations":[{"start":{"line":179,"column":41},"end":{"line":181,"column":5}}]},"46":{"type":"branch","line":181,"loc":{"start":{"line":181,"column":4},"end":{"line":185,"column":1}},"locations":[{"start":{"line":181,"column":4},"end":{"line":185,"column":1}}]}},"b":{"0":[20],"1":[21],"2":[1],"3":[9],"4":[8],"5":[8],"6":[7],"7":[2],"8":[6],"9":[5],"10":[4],"11":[3],"12":[0],"13":[3],"14":[8],"15":[6],"16":[1],"17":[0],"18":[21],"19":[19],"20":[1],"21":[18],"22":[13],"23":[12],"24":[11],"25":[2],"26":[10],"27":[2],"28":[8],"29":[3],"30":[1],"31":[5],"32":[3],"33":[2],"34":[2],"35":[1],"36":[1],"37":[0],"38":[1],"39":[9],"40":[5],"41":[5],"42":[3],"43":[2],"44":[1],"45":[0],"46":[1]},"fnMap":{"0":{"name":"idsToStrings","decl":{"start":{"line":7,"column":22},"end":{"line":24,"column":1}},"loc":{"start":{"line":7,"column":22},"end":{"line":24,"column":1}},"line":7},"1":{"name":"updateUserFamilies","decl":{"start":{"line":26,"column":27},"end":{"line":41,"column":1}},"loc":{"start":{"line":26,"column":27},"end":{"line":41,"column":1}},"line":26},"2":{"name":"createFamily","decl":{"start":{"line":44,"column":21},"end":{"line":80,"column":1}},"loc":{"start":{"line":44,"column":21},"end":{"line":80,"column":1}},"line":44},"3":{"name":"getAllFamilies","decl":{"start":{"line":82,"column":23},"end":{"line":90,"column":1}},"loc":{"start":{"line":82,"column":23},"end":{"line":90,"column":1}},"line":82},"4":{"name":"getFamilyById","decl":{"start":{"line":92,"column":22},"end":{"line":100,"column":1}},"loc":{"start":{"line":92,"column":22},"end":{"line":100,"column":1}},"line":92},"5":{"name":"updateFamily","decl":{"start":{"line":102,"column":21},"end":{"line":166,"column":1}},"loc":{"start":{"line":102,"column":21},"end":{"line":166,"column":1}},"line":102},"6":{"name":"removeFamily","decl":{"start":{"line":168,"column":21},"end":{"line":185,"column":1}},"loc":{"start":{"line":168,"column":21},"end":{"line":185,"column":1}},"line":168}},"f":{"0":20,"1":9,"2":8,"3":1,"4":21,"5":13,"6":2}}
,"C:\\Users\\Jordan\\Documents\\storyboard\\data\\helpers.js": {"path":"C:\\Users\\Jordan\\Documents\\storyboard\\data\\helpers.js","all":false,"statementMap":{"0":{"start":{"line":1,"column":0},"end":{"line":1,"column":60}},"1":{"start":{"line":2,"column":0},"end":{"line":2,"column":0}},"2":{"start":{"line":3,"column":0},"end":{"line":3,"column":38}},"3":{"start":{"line":4,"column":0},"end":{"line":4,"column":0}},"4":{"start":{"line":5,"column":0},"end":{"line":5,"column":41}},"5":{"start":{"line":6,"column":0},"end":{"line":6,"column":36}},"6":{"start":{"line":7,"column":0},"end":{"line":7,"column":49}},"7":{"start":{"line":8,"column":0},"end":{"line":8,"column":5}},"8":{"start":{"line":9,"column":0},"end":{"line":9,"column":34}},"9":{"start":{"line":10,"column":0},"end":{"line":10,"column":30}},"10":{"start":{"line":11,"column":0},"end":{"line":11,"column":58}},"11":{"start":{"line":12,"column":0},"end":{"line":12,"column":5}},"12":{"start":{"line":13,"column":0},"end":{"line":13,"column":19}},"13":{"start":{"line":14,"column":0},"end":{"line":14,"column":2}},"14":{"start":{"line":15,"column":0},"end":{"line":15,"column":0}},"15":{"start":{"line":16,"column":0},"end":{"line":16,"column":37}},"16":{"start":{"line":17,"column":0},"end":{"line":17,"column":84}},"17":{"start":{"line":18,"column":0},"end":{"line":18,"column":30}},"18":{"start":{"line":19,"column":0},"end":{"line":19,"column":1}},"19":{"start":{"line":20,"column":0},"end":{"line":20,"column":0}},"20":{"start":{"line":21,"column":0},"end":{"line":21,"column":67}},"21":{"start":{"line":22,"column":0},"end":{"line":22,"column":54}},"22":{"start":{"line":23,"column":0},"end":{"line":23,"column":39}},"23":{"start":{"line":24,"column":0},"end":{"line":24,"column":60}},"24":{"start":{"line":25,"column":0},"end":{"line":25,"column":39}},"25":{"start":{"line":26,"column":0},"end":{"line":26,"column":14}},"26":{"start":{"line":27,"column":0},"end":{"line":27,"column":1}},"27":{"start":{"line":28,"column":0},"end":{"line":28,"column":0}},"28":{"start":{"line":29,"column":0},"end":{"line":29,"column":59}},"29":{"start":{"line":30,"column":0},"end":{"line":30,"column":37}},"30":{"start":{"line":31,"column":0},"end":{"line":31,"column":90}},"31":{"start":{"line":32,"column":0},"end":{"line":32,"column":24}},"32":{"start":{"line":33,"column":0},"end":{"line":33,"column":28}},"33":{"start":{"line":34,"column":0},"end":{"line":34,"column":58}},"34":{"start":{"line":35,"column":0},"end":{"line":35,"column":5}},"35":{"start":{"line":36,"column":0},"end":{"line":36,"column":20}},"36":{"start":{"line":37,"column":0},"end":{"line":37,"column":1}},"37":{"start":{"line":38,"column":0},"end":{"line":38,"column":0}},"38":{"start":{"line":39,"column":0},"end":{"line":39,"column":66}},"39":{"start":{"line":40,"column":0},"end":{"line":40,"column":50}},"40":{"start":{"line":41,"column":0},"end":{"line":41,"column":80}},"41":{"start":{"line":42,"column":0},"end":{"line":42,"column":81}},"42":{"start":{"line":43,"column":0},"end":{"line":43,"column":40}},"43":{"start":{"line":44,"column":0},"end":{"line":44,"column":21}},"44":{"start":{"line":45,"column":0},"end":{"line":45,"column":5}},"45":{"start":{"line":46,"column":0},"end":{"line":46,"column":29}},"46":{"start":{"line":47,"column":0},"end":{"line":47,"column":49}},"47":{"start":{"line":48,"column":0},"end":{"line":48,"column":5}},"48":{"start":{"line":49,"column":0},"end":{"line":49,"column":16}},"49":{"start":{"line":50,"column":0},"end":{"line":50,"column":1}},"50":{"start":{"line":51,"column":0},"end":{"line":51,"column":0}},"51":{"start":{"line":52,"column":0},"end":{"line":52,"column":18}},"52":{"start":{"line":53,"column":0},"end":{"line":53,"column":18}},"53":{"start":{"line":54,"column":0},"end":{"line":54,"column":12}},"54":{"start":{"line":55,"column":0},"end":{"line":55,"column":14}},"55":{"start":{"line":56,"column":0},"end":{"line":56,"column":22}},"56":{"start":{"line":57,"column":0},"end":{"line":57,"column":24}},"57":{"start":{"line":58,"column":0},"end":{"line":58,"column":1}}},"s":{"0":1,"1":1,"2":1,"3":1,"4":1,"5":56,"6":4,"7":4,"8":52,"9":56,"10":2,"11":2,"12":50,"13":50,"14":1,"15":1,"16":46,"17":38,"18":38,"19":1,"20":1,"21":1,"22":1,"23":29,"24":29,"25":29,"26":29,"27":1,"28":1,"29":1,"30":21,"31":20,"32":21,"33":33,"34":33,"35":20,"36":20,"37":1,"38":1,"39":1,"40":14,"41":14,"42":14,"43":3,"44":3,"45":14,"46":16,"47":16,"48":5,"49":5,"50":1,"51":1,"52":1,"53":1,"54":1,"55":1,"56":1,"57":1},"branchMap":{"0":{"type":"branch","line":5,"loc":{"start":{"line":5,"column":22},"end":{"line":14,"column":2}},"locations":[{"start":{"line":5,"column":22},"end":{"line":14,"column":2}}]},"1":{"type":"branch","line":6,"loc":{"start":{"line":6,"column":35},"end":{"line":8,"column":5}},"locations":[{"start":{"line":6,"column":35},"end":{"line":8,"column":5}}]},"2":{"type":"branch","line":8,"loc":{"start":{"line":8,"column":4},"end":{"line":10,"column":29}},"locations":[{"start":{"line":8,"column":4},"end":{"line":10,"column":29}}]},"3":{"type":"branch","line":10,"loc":{"start":{"line":10,"column":29},"end":{"line":12,"column":5}},"locations":[{"start":{"line":10,"column":29},"end":{"line":12,"column":5}}]},"4":{"type":"branch","line":12,"loc":{"start":{"line":12,"column":4},"end":{"line":14,"column":2}},"locations":[{"start":{"line":12,"column":4},"end":{"line":14,"column":2}}]},"5":{"type":"branch","line":16,"loc":{"start":{"line":16,"column":16},"end":{"line":19,"column":1}},"locations":[{"start":{"line":16,"column":16},"end":{"line":19,"column":1}}]},"6":{"type":"branch","line":17,"loc":{"start":{"line":17,"column":37},"end":{"line":19,"column":1}},"locations":[{"start":{"line":17,"column":37},"end":{"line":19,"column":1}}]},"7":{"type":"branch","line":17,"loc":{"start":{"line":17,"column":37},"end":{"line":17,"column":84}},"locations":[{"start":{"line":17,"column":37},"end":{"line":17,"column":84}}]},"8":{"type":"branch","line":17,"loc":{"start":{"line":17,"column":83},"end":{"line":19,"column":1}},"locations":[{"start":{"line":17,"column":83},"end":{"line":19,"column":1}}]},"9":{"type":"branch","line":23,"loc":{"start":{"line":23,"column":18},"end":{"line":27,"column":1}},"locations":[{"start":{"line":23,"column":18},"end":{"line":27,"column":1}}]},"10":{"type":"branch","line":30,"loc":{"start":{"line":30,"column":26},"end":{"line":37,"column":1}},"locations":[{"start":{"line":30,"column":26},"end":{"line":37,"column":1}}]},"11":{"type":"branch","line":31,"loc":{"start":{"line":31,"column":31},"end":{"line":31,"column":90}},"locations":[{"start":{"line":31,"column":31},"end":{"line":31,"column":90}}]},"12":{"type":"branch","line":31,"loc":{"start":{"line":31,"column":89},"end":{"line":33,"column":27}},"locations":[{"start":{"line":31,"column":89},"end":{"line":33,"column":27}}]},"13":{"type":"branch","line":33,"loc":{"start":{"line":33,"column":27},"end":{"line":35,"column":5}},"locations":[{"start":{"line":33,"column":27},"end":{"line":35,"column":5}}]},"14":{"type":"branch","line":34,"loc":{"start":{"line":34,"column":38},"end":{"line":34,"column":58}},"locations":[{"start":{"line":34,"column":38},"end":{"line":34,"column":58}}]},"15":{"type":"branch","line":35,"loc":{"start":{"line":35,"column":4},"end":{"line":37,"column":1}},"locations":[{"start":{"line":35,"column":4},"end":{"line":37,"column":1}}]},"16":{"type":"branch","line":40,"loc":{"start":{"line":40,"column":29},"end":{"line":50,"column":1}},"locations":[{"start":{"line":40,"column":29},"end":{"line":50,"column":1}}]},"17":{"type":"branch","line":41,"loc":{"start":{"line":41,"column":32},"end":{"line":41,"column":80}},"locations":[{"start":{"line":41,"column":32},"end":{"line":41,"column":80}}]},"18":{"type":"branch","line":41,"loc":{"start":{"line":41,"column":79},"end":{"line":42,"column":32}},"locations":[{"start":{"line":41,"column":79},"end":{"line":42,"column":32}}]},"19":{"type":"branch","line":42,"loc":{"start":{"line":42,"column":32},"end":{"line":42,"column":81}},"locations":[{"start":{"line":42,"column":32},"end":{"line":42,"column":81}}]},"20":{"type":"branch","line":42,"loc":{"start":{"line":42,"column":80},"end":{"line":43,"column":39}},"locations":[{"start":{"line":42,"column":80},"end":{"line":43,"column":39}}]},"21":{"type":"branch","line":43,"loc":{"start":{"line":43,"column":39},"end":{"line":45,"column":5}},"locations":[{"start":{"line":43,"column":39},"end":{"line":45,"column":5}}]},"22":{"type":"branch","line":45,"loc":{"start":{"line":45,"column":4},"end":{"line":46,"column":28}},"locations":[{"start":{"line":45,"column":4},"end":{"line":46,"column":28}}]},"23":{"type":"branch","line":46,"loc":{"start":{"line":46,"column":28},"end":{"line":48,"column":5}},"locations":[{"start":{"line":46,"column":28},"end":{"line":48,"column":5}}]},"24":{"type":"branch","line":47,"loc":{"start":{"line":47,"column":36},"end":{"line":47,"column":49}},"locations":[{"start":{"line":47,"column":36},"end":{"line":47,"column":49}}]},"25":{"type":"branch","line":48,"loc":{"start":{"line":48,"column":4},"end":{"line":50,"column":1}},"locations":[{"start":{"line":48,"column":4},"end":{"line":50,"column":1}}]}},"b":{"0":[56],"1":[4],"2":[52],"3":[2],"4":[50],"5":[46],"6":[44],"7":[8],"8":[38],"9":[29],"10":[21],"11":[1],"12":[20],"13":[33],"14":[26],"15":[20],"16":[14],"17":[1],"18":[13],"19":[1],"20":[12],"21":[3],"22":[9],"23":[16],"24":[4],"25":[5]},"fnMap":{"0":{"name":"stringHandler","decl":{"start":{"line":5,"column":22},"end":{"line":14,"column":2}},"loc":{"start":{"line":5,"column":22},"end":{"line":14,"column":2}},"line":5},"1":{"name":"strToId","decl":{"start":{"line":16,"column":16},"end":{"line":19,"column":1}},"loc":{"start":{"line":16,"column":16},"end":{"line":19,"column":1}},"line":16},"2":{"name":"idHandler","decl":{"start":{"line":23,"column":18},"end":{"line":27,"column":1}},"loc":{"start":{"line":23,"column":18},"end":{"line":27,"column":1}},"line":23},"3":{"name":"removeDuplicates","decl":{"start":{"line":30,"column":26},"end":{"line":37,"column":1}},"loc":{"start":{"line":30,"column":26},"end":{"line":37,"column":1}},"line":30},"4":{"name":"arrayContentEquality","decl":{"start":{"line":40,"column":29},"end":{"line":50,"column":1}},"loc":{"start":{"line":40,"column":29},"end":{"line":50,"column":1}},"line":40}},"f":{"0":56,"1":46,"2":29,"3":21,"4":14}}
,"C:\\Users\\Jordan\\Documents\\storyboard\\data\\users.js": {"path":"C:\\Users\\Jordan\\Documents\\storyboard\\data\\users.js","all":false,"statementMap":{"0":{"start":{"line":1,"column":0},"end":{"line":1,"column":63}},"1":{"start":{"line":2,"column":0},"end":{"line":2,"column":37}},"2":{"start":{"line":3,"column":0},"end":{"line":3,"column":38}},"3":{"start":{"line":4,"column":0},"end":{"line":4,"column":0}},"4":{"start":{"line":5,"column":0},"end":{"line":5,"column":20}},"5":{"start":{"line":6,"column":0},"end":{"line":6,"column":1}},"6":{"start":{"line":7,"column":0},"end":{"line":7,"column":32}},"7":{"start":{"line":8,"column":0},"end":{"line":8,"column":20}},"8":{"start":{"line":9,"column":0},"end":{"line":9,"column":1}},"9":{"start":{"line":10,"column":0},"end":{"line":10,"column":18}},"10":{"start":{"line":11,"column":0},"end":{"line":11,"column":39}},"11":{"start":{"line":12,"column":0},"end":{"line":12,"column":41}},"12":{"start":{"line":13,"column":0},"end":{"line":13,"column":19}},"13":{"start":{"line":14,"column":0},"end":{"line":14,"column":18}},"14":{"start":{"line":15,"column":0},"end":{"line":15,"column":20}},"15":{"start":{"line":16,"column":0},"end":{"line":16,"column":26}},"16":{"start":{"line":17,"column":0},"end":{"line":17,"column":18}},"17":{"start":{"line":18,"column":0},"end":{"line":18,"column":20}},"18":{"start":{"line":19,"column":0},"end":{"line":19,"column":29}},"19":{"start":{"line":20,"column":0},"end":{"line":20,"column":6}},"20":{"start":{"line":21,"column":0},"end":{"line":21,"column":0}},"21":{"start":{"line":22,"column":0},"end":{"line":22,"column":63}},"22":{"start":{"line":23,"column":0},"end":{"line":23,"column":46}},"23":{"start":{"line":24,"column":0},"end":{"line":24,"column":63}},"24":{"start":{"line":25,"column":0},"end":{"line":25,"column":67}},"25":{"start":{"line":26,"column":0},"end":{"line":26,"column":40}},"26":{"start":{"line":27,"column":0},"end":{"line":27,"column":29}},"27":{"start":{"line":28,"column":0},"end":{"line":28,"column":35}},"28":{"start":{"line":29,"column":0},"end":{"line":29,"column":16}},"29":{"start":{"line":30,"column":0},"end":{"line":30,"column":2}},"30":{"start":{"line":31,"column":0},"end":{"line":31,"column":0}},"31":{"start":{"line":32,"column":0},"end":{"line":32,"column":14}},"32":{"start":{"line":33,"column":0},"end":{"line":33,"column":38}},"33":{"start":{"line":34,"column":0},"end":{"line":34,"column":68}},"34":{"start":{"line":35,"column":0},"end":{"line":35,"column":32}},"35":{"start":{"line":36,"column":0},"end":{"line":36,"column":15}},"36":{"start":{"line":37,"column":0},"end":{"line":37,"column":2}},"37":{"start":{"line":38,"column":0},"end":{"line":38,"column":0}},"38":{"start":{"line":39,"column":0},"end":{"line":39,"column":24}},"39":{"start":{"line":40,"column":0},"end":{"line":40,"column":38}},"40":{"start":{"line":41,"column":0},"end":{"line":41,"column":63}},"41":{"start":{"line":42,"column":0},"end":{"line":42,"column":32}},"42":{"start":{"line":43,"column":0},"end":{"line":43,"column":15}},"43":{"start":{"line":44,"column":0},"end":{"line":44,"column":2}},"44":{"start":{"line":45,"column":0},"end":{"line":45,"column":0}},"45":{"start":{"line":46,"column":0},"end":{"line":46,"column":70}},"46":{"start":{"line":47,"column":0},"end":{"line":47,"column":41}},"47":{"start":{"line":48,"column":0},"end":{"line":48,"column":22}},"48":{"start":{"line":49,"column":0},"end":{"line":49,"column":18}},"49":{"start":{"line":50,"column":0},"end":{"line":50,"column":21}},"50":{"start":{"line":51,"column":0},"end":{"line":51,"column":26}},"51":{"start":{"line":52,"column":0},"end":{"line":52,"column":18}},"52":{"start":{"line":53,"column":0},"end":{"line":53,"column":22}},"53":{"start":{"line":54,"column":0},"end":{"line":54,"column":41}},"54":{"start":{"line":55,"column":0},"end":{"line":55,"column":8}},"55":{"start":{"line":56,"column":0},"end":{"line":56,"column":2}},"56":{"start":{"line":57,"column":0},"end":{"line":57,"column":57}},"57":{"start":{"line":58,"column":0},"end":{"line":58,"column":30}},"58":{"start":{"line":59,"column":0},"end":{"line":59,"column":28}},"59":{"start":{"line":60,"column":0},"end":{"line":60,"column":8}},"60":{"start":{"line":61,"column":0},"end":{"line":61,"column":68}},"61":{"start":{"line":62,"column":0},"end":{"line":62,"column":51}},"62":{"start":{"line":63,"column":0},"end":{"line":63,"column":7}},"63":{"start":{"line":64,"column":0},"end":{"line":64,"column":18}},"64":{"start":{"line":65,"column":0},"end":{"line":65,"column":2}},"65":{"start":{"line":66,"column":0},"end":{"line":66,"column":0}},"66":{"start":{"line":67,"column":0},"end":{"line":67,"column":16}},"67":{"start":{"line":68,"column":0},"end":{"line":68,"column":1}},"68":{"start":{"line":69,"column":0},"end":{"line":69,"column":41}},"69":{"start":{"line":70,"column":0},"end":{"line":70,"column":64}},"70":{"start":{"line":71,"column":0},"end":{"line":71,"column":78}},"71":{"start":{"line":72,"column":0},"end":{"line":72,"column":42}},"72":{"start":{"line":73,"column":0},"end":{"line":73,"column":55}},"73":{"start":{"line":74,"column":0},"end":{"line":74,"column":5}},"74":{"start":{"line":75,"column":0},"end":{"line":75,"column":61}},"75":{"start":{"line":76,"column":0},"end":{"line":76,"column":2}},"76":{"start":{"line":77,"column":0},"end":{"line":77,"column":0}},"77":{"start":{"line":78,"column":0},"end":{"line":78,"column":0}},"78":{"start":{"line":79,"column":0},"end":{"line":79,"column":1}}},"s":{"0":1,"1":1,"2":1,"3":1,"4":0,"5":0,"6":0,"7":0,"8":0,"9":1,"10":0,"11":0,"12":0,"13":0,"14":0,"15":0,"16":0,"17":0,"18":0,"19":0,"20":0,"21":0,"22":0,"23":0,"24":0,"25":0,"26":0,"27":0,"28":0,"29":1,"30":1,"31":0,"32":0,"33":0,"34":0,"35":0,"36":1,"37":1,"38":0,"39":0,"40":0,"41":0,"42":0,"43":1,"44":1,"45":0,"46":0,"47":0,"48":0,"49":0,"50":0,"51":0,"52":0,"53":0,"54":0,"55":0,"56":0,"57":0,"58":0,"59":0,"60":0,"61":0,"62":0,"63":0,"64":1,"65":1,"66":0,"67":0,"68":0,"69":0,"70":0,"71":0,"72":0,"73":0,"74":0,"75":0,"76":1,"77":1,"78":1},"branchMap":{},"b":{},"fnMap":{"0":{"name":"checkid","decl":{"start":{"line":5,"column":0},"end":{"line":9,"column":1}},"loc":{"start":{"line":5,"column":0},"end":{"line":9,"column":1}},"line":5},"1":{"name":"create","decl":{"start":{"line":11,"column":0},"end":{"line":30,"column":1}},"loc":{"start":{"line":11,"column":0},"end":{"line":30,"column":1}},"line":11},"2":{"name":"get","decl":{"start":{"line":32,"column":0},"end":{"line":37,"column":1}},"loc":{"start":{"line":32,"column":0},"end":{"line":37,"column":1}},"line":32},"3":{"name":"getByEmail","decl":{"start":{"line":39,"column":0},"end":{"line":44,"column":1}},"loc":{"start":{"line":39,"column":0},"end":{"line":44,"column":1}},"line":39},"4":{"name":"updateUser","decl":{"start":{"line":46,"column":0},"end":{"line":65,"column":1}},"loc":{"start":{"line":46,"column":0},"end":{"line":65,"column":1}},"line":46},"5":{"name":"delete","decl":{"start":{"line":67,"column":0},"end":{"line":76,"column":2}},"loc":{"start":{"line":67,"column":0},"end":{"line":76,"column":2}},"line":67}},"f":{"0":0,"1":0,"2":0,"3":0,"4":0,"5":0}}
}
