TN:
SF:config\mongoCollections.js
FN:5,getCollectionFn
FNF:1
FNH:1
FNDA:8,getCollectionFn
DA:1,1
DA:2,1
DA:3,1
DA:4,1
DA:5,1
DA:6,8
DA:7,8
DA:8,8
DA:9,1
DA:10,1
DA:11,1
DA:12,0
DA:13,0
DA:14,0
DA:15,8
DA:16,8
DA:17,1
DA:18,1
DA:19,1
DA:20,1
DA:21,1
DA:22,1
DA:23,1
DA:24,1
DA:25,1
LF:25
LH:22
BRDA:5,0,0,8
BRDA:8,1,0,1
BRDA:11,2,0,0
BRF:3
BRH:2
end_of_record
TN:
SF:config\mongoConnection.js
FN:9,connectToDb
FN:17,closeConnection
FNF:2
FNH:0
FNDA:0,connectToDb
FNDA:0,closeConnection
DA:1,1
DA:2,1
DA:3,1
DA:4,1
DA:5,1
DA:6,1
DA:7,1
DA:8,1
DA:9,1
DA:10,0
DA:11,0
DA:12,0
DA:13,0
DA:14,0
DA:15,0
DA:16,1
DA:17,1
DA:18,0
DA:19,0
DA:20,1
LF:20
LH:12
BRF:0
BRH:0
end_of_record
TN:
SF:data\families.js
FN:7,idsToStrings
FN:26,updateUserFamilies
FN:45,createFamily
FN:83,getAllFamilies
FN:93,getFamilyById
FN:103,updateFamily
FN:169,removeFamily
FNF:7
FNH:1
FNDA:0,idsToStrings
FNDA:0,updateUserFamilies
FNDA:1,createFamily
FNDA:0,getAllFamilies
FNDA:0,getFamilyById
FNDA:0,updateFamily
FNDA:0,removeFamily
DA:1,1
DA:2,1
DA:3,1
DA:4,1
DA:5,1
DA:6,1
DA:7,1
DA:8,0
DA:9,0
DA:10,0
DA:11,0
DA:12,0
DA:13,0
DA:14,0
DA:15,0
DA:16,0
DA:17,0
DA:18,0
DA:19,0
DA:20,0
DA:21,0
DA:22,0
DA:23,0
DA:24,0
DA:25,1
DA:26,1
DA:27,0
DA:28,0
DA:29,0
DA:30,0
DA:31,0
DA:32,0
DA:33,0
DA:34,0
DA:35,0
DA:36,0
DA:37,0
DA:38,0
DA:39,0
DA:40,0
DA:41,0
DA:42,0
DA:43,1
DA:44,1
DA:45,1
DA:46,1
DA:47,1
DA:48,1
DA:49,0
DA:50,0
DA:51,1
DA:52,1
DA:53,1
DA:54,1
DA:55,1
DA:56,1
DA:57,1
DA:58,1
DA:59,1
DA:60,1
DA:61,1
DA:62,1
DA:63,1
DA:64,1
DA:65,1
DA:66,1
DA:67,1
DA:68,1
DA:69,1
DA:70,0
DA:71,0
DA:72,1
DA:73,1
DA:74,0
DA:75,0
DA:76,0
DA:77,0
DA:78,0
DA:79,0
DA:80,0
DA:81,0
DA:82,1
DA:83,1
DA:84,0
DA:85,0
DA:86,0
DA:87,0
DA:88,0
DA:89,0
DA:90,0
DA:91,0
DA:92,1
DA:93,1
DA:94,0
DA:95,0
DA:96,0
DA:97,0
DA:98,0
DA:99,0
DA:100,0
DA:101,0
DA:102,1
DA:103,1
DA:104,0
DA:105,0
DA:106,0
DA:107,0
DA:108,0
DA:109,0
DA:110,0
DA:111,0
DA:112,0
DA:113,0
DA:114,0
DA:115,0
DA:116,0
DA:117,0
DA:118,0
DA:119,0
DA:120,0
DA:121,0
DA:122,0
DA:123,0
DA:124,0
DA:125,0
DA:126,0
DA:127,0
DA:128,0
DA:129,0
DA:130,0
DA:131,0
DA:132,0
DA:133,0
DA:134,0
DA:135,0
DA:136,0
DA:137,0
DA:138,0
DA:139,0
DA:140,0
DA:141,0
DA:142,0
DA:143,0
DA:144,0
DA:145,0
DA:146,0
DA:147,0
DA:148,0
DA:149,0
DA:150,0
DA:151,0
DA:152,0
DA:153,0
DA:154,0
DA:155,0
DA:156,0
DA:157,0
DA:158,0
DA:159,0
DA:160,0
DA:161,0
DA:162,0
DA:163,0
DA:164,0
DA:165,0
DA:166,0
DA:167,0
DA:168,1
DA:169,1
DA:170,0
DA:171,0
DA:172,0
DA:173,0
DA:174,0
DA:175,0
DA:176,0
DA:177,0
DA:178,0
DA:179,0
DA:180,0
DA:181,0
DA:182,0
DA:183,0
DA:184,0
DA:185,0
DA:186,0
DA:187,1
DA:188,1
DA:189,1
DA:190,1
DA:191,1
DA:192,1
DA:193,1
DA:194,1
LF:194
LH:52
BRDA:45,0,0,1
BRDA:48,1,0,0
BRDA:69,2,0,0
BRDA:73,3,0,0
BRDA:52,4,0,1
BRDA:54,5,0,1
BRF:6
BRH:3
end_of_record
TN:
SF:data\helpers.js
FN:5,stringHandler
FN:16,strToId
FN:23,idHandler
FN:30,removeDuplicates
FN:40,arrayContentEquality
FNF:5
FNH:5
FNDA:7,stringHandler
FNDA:5,strToId
FNDA:1,idHandler
FNDA:4,removeDuplicates
FNDA:5,arrayContentEquality
DA:1,1
DA:2,1
DA:3,1
DA:4,1
DA:5,1
DA:6,7
DA:7,1
DA:8,1
DA:9,6
DA:10,7
DA:11,2
DA:12,2
DA:13,4
DA:14,4
DA:15,1
DA:16,1
DA:17,5
DA:18,3
DA:19,3
DA:20,1
DA:21,1
DA:22,1
DA:23,1
DA:24,1
DA:25,1
DA:26,1
DA:27,1
DA:28,1
DA:29,1
DA:30,1
DA:31,4
DA:32,3
DA:33,4
DA:34,15
DA:35,15
DA:36,3
DA:37,3
DA:38,1
DA:39,1
DA:40,1
DA:41,5
DA:42,5
DA:43,5
DA:44,1
DA:45,1
DA:46,5
DA:47,10
DA:48,10
DA:49,1
DA:50,1
DA:51,1
DA:52,1
DA:53,1
DA:54,1
DA:55,1
DA:56,1
DA:57,1
DA:58,1
LF:58
LH:58
BRDA:5,0,0,7
BRDA:6,1,0,1
BRDA:8,2,0,6
BRDA:10,3,0,2
BRDA:12,4,0,4
BRDA:16,5,0,5
BRDA:17,6,0,3
BRDA:17,7,0,2
BRDA:23,8,0,1
BRDA:30,9,0,4
BRDA:31,10,0,1
BRDA:31,11,0,3
BRDA:33,12,0,15
BRDA:34,13,0,11
BRDA:35,14,0,3
BRDA:40,15,0,5
BRDA:41,16,0,1
BRDA:41,17,0,4
BRDA:42,18,0,1
BRDA:42,19,0,3
BRDA:43,20,0,1
BRDA:45,21,0,2
BRDA:46,22,0,10
BRDA:47,23,0,1
BRDA:48,24,0,1
BRF:25
BRH:25
end_of_record
TN:
SF:data\users.js
FN:5,checkid
FN:12,create
FN:32,get
FN:39,getByEmail
FN:46,updateUser
FN:68,delete
FN:79,check
FNF:7
FNH:0
FNDA:0,checkid
FNDA:0,create
FNDA:0,get
FNDA:0,getByEmail
FNDA:0,updateUser
FNDA:0,delete
FNDA:0,check
DA:1,1
DA:2,1
DA:3,1
DA:4,1
DA:5,0
DA:6,0
DA:7,0
DA:8,0
DA:9,0
DA:10,1
DA:11,1
DA:12,0
DA:13,0
DA:14,0
DA:15,0
DA:16,0
DA:17,0
DA:18,0
DA:19,0
DA:20,0
DA:21,0
DA:22,0
DA:23,0
DA:24,0
DA:25,0
DA:26,0
DA:27,0
DA:28,0
DA:29,0
DA:30,1
DA:31,1
DA:32,0
DA:33,0
DA:34,0
DA:35,0
DA:36,0
DA:37,1
DA:38,1
DA:39,0
DA:40,0
DA:41,0
DA:42,0
DA:43,0
DA:44,1
DA:45,1
DA:46,0
DA:47,0
DA:48,0
DA:49,0
DA:50,0
DA:51,0
DA:52,0
DA:53,0
DA:54,0
DA:55,0
DA:56,0
DA:57,0
DA:58,0
DA:59,0
DA:60,0
DA:61,0
DA:62,0
DA:63,0
DA:64,0
DA:65,0
DA:66,1
DA:67,1
DA:68,0
DA:69,0
DA:70,0
DA:71,0
DA:72,0
DA:73,0
DA:74,0
DA:75,0
DA:76,0
DA:77,1
DA:78,1
DA:79,0
DA:80,0
DA:81,0
DA:82,0
DA:83,0
DA:84,0
DA:85,1
DA:86,1
LF:86
LH:18
BRF:0
BRH:0
end_of_record
