TN:
SF:config\mongoCollections.js
FN:5,getCollectionFn
FNF:1
FNH:1
FNDA:8,getCollectionFn
DA:1,1
DA:2,1
DA:3,1
DA:4,1
DA:5,1
DA:6,8
DA:7,8
DA:8,8
DA:9,22
DA:10,1
DA:11,1
DA:12,1
DA:13,22
DA:14,22
DA:15,8
DA:16,8
DA:17,1
DA:18,1
DA:19,1
DA:20,1
DA:21,1
DA:22,1
DA:23,1
DA:24,1
DA:25,1
LF:25
LH:25
BRDA:5,0,0,8
BRDA:8,1,0,22
BRDA:9,2,0,1
BRF:3
BRH:3
end_of_record
TN:
SF:config\mongoConnection.js
FN:9,dbConnection
FN:17,closeConnection
FNF:2
FNH:2
FNDA:5,dbConnection
FNDA:1,closeConnection
DA:1,1
DA:2,1
DA:3,1
DA:4,1
DA:5,1
DA:6,1
DA:7,1
DA:8,1
DA:9,1
DA:10,5
DA:11,1
DA:12,1
DA:13,1
DA:14,5
DA:15,5
DA:16,1
DA:17,1
DA:18,1
DA:19,1
DA:20,1
LF:20
LH:20
BRDA:9,0,0,5
BRDA:10,1,0,1
BRDA:17,2,0,1
BRF:3
BRH:3
end_of_record
TN:
SF:data\families.js
FN:7,idsToStrings
FN:26,updateUserFamilies
FN:45,createFamily
FN:83,getAllFamilies
FN:93,getFamilyById
FN:103,updateFamily
FN:169,removeFamily
FNF:7
FNH:6
FNDA:19,idsToStrings
FNDA:7,updateUserFamilies
FNDA:8,createFamily
FNDA:1,getAllFamilies
FNDA:19,getFamilyById
FNDA:13,updateFamily
FNDA:0,removeFamily
DA:1,1
DA:2,1
DA:3,1
DA:4,1
DA:5,1
DA:6,1
DA:7,1
DA:8,19
DA:9,19
DA:10,19
DA:11,19
DA:12,0
DA:13,0
DA:14,19
DA:15,19
DA:16,0
DA:17,0
DA:18,19
DA:19,19
DA:20,0
DA:21,0
DA:22,19
DA:23,19
DA:24,19
DA:25,1
DA:26,1
DA:27,7
DA:28,7
DA:29,7
DA:30,7
DA:31,7
DA:32,7
DA:33,7
DA:34,7
DA:35,7
DA:36,7
DA:37,7
DA:38,7
DA:39,7
DA:40,7
DA:41,7
DA:42,7
DA:43,1
DA:44,1
DA:45,1
DA:46,8
DA:47,8
DA:48,8
DA:49,2
DA:50,2
DA:51,6
DA:52,6
DA:53,6
DA:54,6
DA:55,6
DA:56,6
DA:57,8
DA:58,5
DA:59,4
DA:60,3
DA:61,3
DA:62,3
DA:63,3
DA:64,3
DA:65,3
DA:66,3
DA:67,3
DA:68,3
DA:69,3
DA:70,3
DA:71,3
DA:72,8
DA:73,8
DA:74,3
DA:75,3
DA:76,3
DA:77,3
DA:78,3
DA:79,3
DA:80,3
DA:81,3
DA:82,1
DA:83,1
DA:84,1
DA:85,1
DA:86,1
DA:87,1
DA:88,1
DA:89,1
DA:90,1
DA:91,1
DA:92,1
DA:93,1
DA:94,19
DA:95,19
DA:96,19
DA:97,17
DA:98,19
DA:99,17
DA:100,17
DA:101,17
DA:102,1
DA:103,1
DA:104,13
DA:105,13
DA:106,13
DA:107,13
DA:108,13
DA:109,12
DA:110,13
DA:111,2
DA:112,2
DA:113,13
DA:114,2
DA:115,2
DA:116,8
DA:117,8
DA:118,8
DA:119,8
DA:120,8
DA:121,8
DA:122,8
DA:123,13
DA:124,1
DA:125,1
DA:126,5
DA:127,5
DA:128,5
DA:129,5
DA:130,5
DA:131,5
DA:132,13
DA:133,3
DA:134,2
DA:135,2
DA:136,2
DA:137,1
DA:138,1
DA:139,1
DA:140,1
DA:141,1
DA:142,1
DA:143,1
DA:144,1
DA:145,1
DA:146,1
DA:147,1
DA:148,1
DA:149,1
DA:150,1
DA:151,1
DA:152,1
DA:153,1
DA:154,1
DA:155,1
DA:156,13
DA:157,0
DA:158,0
DA:159,1
DA:160,1
DA:161,1
DA:162,1
DA:163,1
DA:164,1
DA:165,1
DA:166,1
DA:167,1
DA:168,1
DA:169,1
DA:170,0
DA:171,0
DA:172,0
DA:173,0
DA:174,0
DA:175,0
DA:176,0
DA:177,0
DA:178,0
DA:179,0
DA:180,0
DA:181,1
DA:182,1
DA:183,1
DA:184,1
DA:185,1
DA:186,1
DA:187,1
DA:188,1
LF:188
LH:169
BRDA:7,0,0,19
BRDA:9,1,0,20
BRDA:10,2,0,1
BRDA:26,3,0,7
BRDA:45,4,0,8
BRDA:48,5,0,7
BRDA:48,6,0,2
BRDA:50,7,0,6
BRDA:57,8,0,5
BRDA:58,9,0,4
BRDA:59,10,0,3
BRDA:73,11,0,0
BRDA:73,12,0,3
BRDA:52,13,0,8
BRDA:54,14,0,6
BRDA:83,15,0,1
BRDA:86,16,0,0
BRDA:93,17,0,19
BRDA:96,18,0,17
BRDA:98,19,0,0
BRDA:98,20,0,17
BRDA:103,21,0,13
BRDA:108,22,0,12
BRDA:110,23,0,11
BRDA:110,24,0,2
BRDA:112,25,0,10
BRDA:113,26,0,2
BRDA:115,27,0,8
BRDA:122,28,0,3
BRDA:123,29,0,1
BRDA:125,30,0,5
BRDA:132,31,0,3
BRDA:133,32,0,2
BRDA:134,33,0,2
BRDA:136,34,0,1
BRDA:137,35,0,1
BRDA:156,36,0,0
BRDA:158,37,0,1
BRDA:117,38,0,9
BRDA:119,39,0,5
BRDA:128,40,0,5
BRDA:129,41,0,3
BRF:42
BRH:38
end_of_record
TN:
SF:data\helpers.js
FN:5,stringHandler
FN:16,strToId
FN:23,idHandler
FN:30,removeDuplicates
FN:40,arrayContentEquality
FNF:5
FNH:5
FNDA:52,stringHandler
FNDA:42,strToId
FNDA:25,idHandler
FNDA:21,removeDuplicates
FNDA:14,arrayContentEquality
DA:1,1
DA:2,1
DA:3,1
DA:4,1
DA:5,1
DA:6,52
DA:7,4
DA:8,4
DA:9,48
DA:10,52
DA:11,2
DA:12,2
DA:13,46
DA:14,46
DA:15,1
DA:16,1
DA:17,42
DA:18,35
DA:19,35
DA:20,1
DA:21,1
DA:22,1
DA:23,1
DA:24,25
DA:25,25
DA:26,25
DA:27,25
DA:28,1
DA:29,1
DA:30,1
DA:31,21
DA:32,20
DA:33,21
DA:34,33
DA:35,33
DA:36,20
DA:37,20
DA:38,1
DA:39,1
DA:40,1
DA:41,14
DA:42,14
DA:43,14
DA:44,3
DA:45,3
DA:46,14
DA:47,16
DA:48,16
DA:49,5
DA:50,5
DA:51,1
DA:52,1
DA:53,1
DA:54,1
DA:55,1
DA:56,1
DA:57,1
DA:58,1
LF:58
LH:58
BRDA:5,0,0,52
BRDA:6,1,0,4
BRDA:8,2,0,48
BRDA:10,3,0,2
BRDA:12,4,0,46
BRDA:16,5,0,42
BRDA:17,6,0,40
BRDA:17,7,0,7
BRDA:17,8,0,35
BRDA:23,9,0,25
BRDA:30,10,0,21
BRDA:31,11,0,1
BRDA:31,12,0,20
BRDA:33,13,0,33
BRDA:34,14,0,26
BRDA:35,15,0,20
BRDA:40,16,0,14
BRDA:41,17,0,1
BRDA:41,18,0,13
BRDA:42,19,0,1
BRDA:42,20,0,12
BRDA:43,21,0,3
BRDA:45,22,0,9
BRDA:46,23,0,16
BRDA:47,24,0,4
BRDA:48,25,0,5
BRF:26
BRH:26
end_of_record
TN:
SF:data\users.js
FN:5,checkid
FN:12,create
FN:30,get
FN:37,updateUser
FN:41,delete
FNF:5
FNH:0
FNDA:0,checkid
FNDA:0,create
FNDA:0,get
FNDA:0,updateUser
FNDA:0,delete
DA:1,1
DA:2,1
DA:3,1
DA:4,1
DA:5,0
DA:6,0
DA:7,0
DA:8,0
DA:9,0
DA:10,1
DA:11,1
DA:12,0
DA:13,0
DA:14,0
DA:15,0
DA:16,0
DA:17,0
DA:18,0
DA:19,0
DA:20,0
DA:21,0
DA:22,0
DA:23,0
DA:24,0
DA:25,0
DA:26,0
DA:27,0
DA:28,1
DA:29,1
DA:30,0
DA:31,0
DA:32,0
DA:33,0
DA:34,0
DA:35,1
DA:36,1
DA:37,0
DA:38,0
DA:39,1
DA:40,1
DA:41,0
DA:42,0
DA:43,0
DA:44,0
DA:45,0
DA:46,0
DA:47,0
DA:48,0
DA:49,0
DA:50,0
DA:51,1
DA:52,1
LF:52
LH:14
BRF:0
BRH:0
end_of_record
